<?xml version="1.0" encoding="UTF-8"?>
<!-- Generated by org.testng.reporters.JUnitReportReporter -->
<testsuite hostname="SIPL92" failures="0" tests="1" name="RW.ServiceRW" time="279.356" errors="0" timestamp="2022-09-01T11:28:26 IST" skipped="0">
  <testcase classname="RW.ServiceRW" name="serviceRW" time="279.356"/>
  <system-out/>
</testsuite> <!-- RW.ServiceRW -->
