<?xml version="1.0" encoding="UTF-8"?>
<!-- Generated by org.testng.reporters.JUnitReportReporter -->
<testsuite hostname="SIPL92" failures="0" tests="1" name="RW.ServiceRW" time="252.422" errors="0" timestamp="2022-09-02T11:56:51 IST" skipped="0">
  <testcase classname="RW.ServiceRW" name="serviceRW" time="252.422"/>
  <system-out/>
</testsuite> <!-- RW.ServiceRW -->
