<?xml version="1.0" encoding="UTF-8"?>
<!-- Generated by org.testng.reporters.JUnitReportReporter -->
<testsuite hostname="SIPL92" failures="0" tests="1" name="RW.ServiceRW" time="278.939" errors="0" timestamp="2023-01-02T11:16:22 IST" skipped="0">
  <testcase classname="RW.ServiceRW" name="serviceRW" time="278.939"/>
  <system-out/>
</testsuite> <!-- RW.ServiceRW -->
